#
# There is insufficient memory for the Java Runtime Environment to continue.
# Native memory allocation (malloc) failed to allocate 131088 bytes for Chunk::new
# Possible reasons:
#   The system is out of physical RAM or swap space
#   In 32 bit mode, the process size limit was hit
# Possible solutions:
#   Reduce memory load on the system
#   Increase physical memory or swap space
#   Check if swap backing store is full
#   Use 64 bit Java on a 64 bit OS
#   Decrease Java heap size (-Xmx/-Xms)
#   Decrease number of Java threads
#   Decrease Java thread stack sizes (-Xss)
#   Set larger code cache with -XX:ReservedCodeCacheSize=
# This output file may be truncated or incomplete.
#
#  Out of Memory Error (allocation.cpp:388), pid=2444, tid=9400
#
# JRE version: Java(TM) SE Runtime Environment (8.0_05-b13) (build 1.8.0_05-b13)
# Java VM: Java HotSpot(TM) 64-Bit Server VM (25.5-b02 mixed mode windows-amd64 compressed oops)
# Failed to write core dump. Minidumps are not enabled by default on client versions of Windows
#

---------------  T H R E A D  ---------------

Current thread (0x0000000014d5d800):  JavaThread "C2 CompilerThread0" daemon [_thread_in_native, id=9400, stack(0x00000000162b0000,0x00000000163b0000)]

Stack: [0x00000000162b0000,0x00000000163b0000]
Native frames: (J=compiled Java code, j=interpreted, Vv=VM code, C=native code)
V  [jvm.dll+0x308dea]
V  [jvm.dll+0x25def1]
V  [jvm.dll+0x25eb0f]
V  [jvm.dll+0x2564e5]
V  [jvm.dll+0xbcfc5]
V  [jvm.dll+0xbd45c]
V  [jvm.dll+0x4d4cfd]
V  [jvm.dll+0x4d546e]
V  [jvm.dll+0x4d76c6]
V  [jvm.dll+0x4d6fed]
V  [jvm.dll+0x48e824]
V  [jvm.dll+0x4425d0]
V  [jvm.dll+0x44366b]
V  [jvm.dll+0x427532]
V  [jvm.dll+0x96702]
V  [jvm.dll+0x96ef3]
V  [jvm.dll+0x2232c4]
V  [jvm.dll+0x27baca]
C  [msvcr100.dll+0x21d9f]
C  [msvcr100.dll+0x21e3b]
C  [KERNEL32.DLL+0x13d2]
C  [ntdll.dll+0x703c4]


Current CompileTask:
C2:   5325 1246       4       com.android.dx.ssa.SCCP::simulateStmt (481 bytes)


---------------  P R O C E S S  ---------------

Java Threads: ( => current thread )
  0x0000000014db8000 JavaThread "Service Thread" daemon [_thread_blocked, id=3784, stack(0x00000000165b0000,0x00000000166b0000)]
  0x0000000014da9800 JavaThread "C1 CompilerThread2" daemon [_thread_blocked, id=9972, stack(0x00000000164b0000,0x00000000165b0000)]
  0x0000000014da0800 JavaThread "C2 CompilerThread1" daemon [_thread_blocked, id=7096, stack(0x00000000163b0000,0x00000000164b0000)]
=>0x0000000014d5d800 JavaThread "C2 CompilerThread0" daemon [_thread_in_native, id=9400, stack(0x00000000162b0000,0x00000000163b0000)]
  0x0000000014d5c000 JavaThread "Attach Listener" daemon [_thread_blocked, id=10184, stack(0x00000000161b0000,0x00000000162b0000)]
  0x0000000014d5b000 JavaThread "Signal Dispatcher" daemon [_thread_blocked, id=300, stack(0x00000000160b0000,0x00000000161b0000)]
  0x0000000002684800 JavaThread "Finalizer" daemon [_thread_blocked, id=6932, stack(0x0000000015fb0000,0x00000000160b0000)]
  0x000000000267b800 JavaThread "Reference Handler" daemon [_thread_blocked, id=868, stack(0x0000000015eb0000,0x0000000015fb0000)]
  0x000000000236d800 JavaThread "main" [_thread_blocked, id=7460, stack(0x0000000002490000,0x0000000002590000)]

Other Threads:
  0x0000000014d25800 VMThread [stack: 0x0000000015db0000,0x0000000015eb0000] [id=1524]
  0x0000000014dba800 WatcherThread [stack: 0x00000000166b0000,0x00000000167b0000] [id=9880]

VM state:at safepoint (normal execution)

VM Mutex/Monitor currently owned by a thread:  ([mutex/lock_event])
[0x000000000236c4f0] Threads_lock - owner thread: 0x0000000014d25800
[0x000000000236cc70] Heap_lock - owner thread: 0x000000000236d800

Heap:
 PSYoungGen      total 10240K, used 9984K [0x00000000eab00000, 0x00000000eb700000, 0x0000000100000000)
  eden space 8192K, 100% used [0x00000000eab00000,0x00000000eb300000,0x00000000eb300000)
  from space 2048K, 87% used [0x00000000eb500000,0x00000000eb6c0018,0x00000000eb700000)
  to   space 2048K, 44% used [0x00000000eb300000,0x00000000eb3e4010,0x00000000eb500000)
 ParOldGen       total 64000K, used 2375K [0x00000000c0000000, 0x00000000c3e80000, 0x00000000eab00000)
  object space 64000K, 3% used [0x00000000c0000000,0x00000000c0251d40,0x00000000c3e80000)
 Metaspace       used 5368K, capacity 6768K, committed 7040K, reserved 1056768K
  class space    used 541K, capacity 616K, committed 640K, reserved 1048576K

Card table byte_map: [0x0000000011a50000,0x0000000011c60000] byte_map_base: 0x0000000011450000

Marking Bits: (ParMarkBitMap*) 0x000000005e1513b0
 Begin Bits: [0x00000000121c0000, 0x00000000131c0000)
 End Bits:   [0x00000000131c0000, 0x00000000141c0000)

Polling page: 0x0000000002090000

CodeCache: size=245760Kb used=5112Kb max_used=5123Kb free=240647Kb
 bounds [0x0000000002690000, 0x0000000002ba0000, 0x0000000011690000]
 total_blobs=1525 nmethods=1265 adapters=174
 compilation: enabled

Compilation events (10 events):
Event: 5.188 Thread 0x0000000014da9800 1249       3       com.android.dx.dex.code.RopTranslator::outputInstructions (69 bytes)
Event: 5.188 Thread 0x0000000014da9800 nmethod 1249 0x0000000002b7aed0 code [0x0000000002b7b060, 0x0000000002b7b498]
Event: 5.191 Thread 0x0000000014da0800 1250       4       java.lang.String::replace (127 bytes)
Event: 5.204 Thread 0x0000000014da0800 nmethod 1250 0x0000000002b88750 code [0x0000000002b888a0, 0x0000000002b88d18]
Event: 5.231 Thread 0x0000000014da0800 1251       4       com.android.dx.ssa.SsaMethod$1::visitNonMoveInsn (26 bytes)
Event: 5.234 Thread 0x0000000014da0800 nmethod 1251 0x0000000002b79410 code [0x0000000002b79560, 0x0000000002b79658]
Event: 5.236 Thread 0x0000000014da0800 1252       4       java.util.Collections$UnmodifiableCollection::iterator (9 bytes)
Event: 5.243 Thread 0x0000000014da0800 nmethod 1252 0x0000000002b88ed0 code [0x0000000002b89040, 0x0000000002b892f8]
Event: 5.244 Thread 0x0000000014da9800 1253       3       com.android.dx.ssa.back.SsaToRop::verifyValidExitPredecessor (53 bytes)
Event: 5.245 Thread 0x0000000014da9800 nmethod 1253 0x0000000002b83310 code [0x0000000002b834e0, 0x0000000002b83cb8]

GC Heap History (10 events):
Event: 0.534 GC heap before
{Heap before GC invocations=4 (full 0):
 PSYoungGen      total 1536K, used 1510K [0x00000000eab00000, 0x00000000eae00000, 0x0000000100000000)
  eden space 1024K, 99% used [0x00000000eab00000,0x00000000eabffe90,0x00000000eac00000)
  from space 512K, 95% used [0x00000000eac00000,0x00000000eac79c50,0x00000000eac80000)
  to   space 512K, 0% used [0x00000000ead80000,0x00000000ead80000,0x00000000eae00000)
 ParOldGen       total 64000K, used 521K [0x00000000c0000000, 0x00000000c3e80000, 0x00000000eab00000)
  object space 64000K, 0% used [0x00000000c0000000,0x00000000c0082798,0x00000000c3e80000)
 Metaspace       used 3516K, capacity 5168K, committed 5376K, reserved 1056768K
  class space    used 396K, capacity 488K, committed 512K, reserved 1048576K
Event: 0.538 GC heap after
Heap after GC invocations=4 (full 0):
 PSYoungGen      total 2560K, used 503K [0x00000000eab00000, 0x00000000eae00000, 0x0000000100000000)
  eden space 2048K, 0% used [0x00000000eab00000,0x00000000eab00000,0x00000000ead00000)
  from space 512K, 98% used [0x00000000ead80000,0x00000000eadfdc60,0x00000000eae00000)
  to   space 512K, 0% used [0x00000000ead00000,0x00000000ead00000,0x00000000ead80000)
 ParOldGen       total 64000K, used 853K [0x00000000c0000000, 0x00000000c3e80000, 0x00000000eab00000)
  object space 64000K, 1% used [0x00000000c0000000,0x00000000c00d56b8,0x00000000c3e80000)
 Metaspace       used 3516K, capacity 5168K, committed 5376K, reserved 1056768K
  class space    used 396K, capacity 488K, committed 512K, reserved 1048576K
}
Event: 0.814 GC heap before
{Heap before GC invocations=5 (full 0):
 PSYoungGen      total 2560K, used 2551K [0x00000000eab00000, 0x00000000eae00000, 0x0000000100000000)
  eden space 2048K, 100% used [0x00000000eab00000,0x00000000ead00000,0x00000000ead00000)
  from space 512K, 98% used [0x00000000ead80000,0x00000000eadfdc60,0x00000000eae00000)
  to   space 512K, 0% used [0x00000000ead00000,0x00000000ead00000,0x00000000ead80000)
 ParOldGen       total 64000K, used 853K [0x00000000c0000000, 0x00000000c3e80000, 0x00000000eab00000)
  object space 64000K, 1% used [0x00000000c0000000,0x00000000c00d56b8,0x00000000c3e80000)
 Metaspace       used 4279K, capacity 5808K, committed 6016K, reserved 1056768K
  class space    used 478K, capacity 552K, committed 640K, reserved 1048576K
Event: 0.846 GC heap after
Heap after GC invocations=5 (full 0):
 PSYoungGen      total 2560K, used 499K [0x00000000eab00000, 0x00000000eb200000, 0x0000000100000000)
  eden space 2048K, 0% used [0x00000000eab00000,0x00000000eab00000,0x00000000ead00000)
  from space 512K, 97% used [0x00000000ead00000,0x00000000ead7ce30,0x00000000ead80000)
  to   space 1536K, 0% used [0x00000000eb080000,0x00000000eb080000,0x00000000eb200000)
 ParOldGen       total 64000K, used 1501K [0x00000000c0000000, 0x00000000c3e80000, 0x00000000eab00000)
  object space 64000K, 2% used [0x00000000c0000000,0x00000000c01775f0,0x00000000c3e80000)
 Metaspace       used 4279K, capacity 5808K, committed 6016K, reserved 1056768K
  class space    used 478K, capacity 552K, committed 640K, reserved 1048576K
}
Event: 2.572 GC heap before
{Heap before GC invocations=6 (full 0):
 PSYoungGen      total 2560K, used 2547K [0x00000000eab00000, 0x00000000eb200000, 0x0000000100000000)
  eden space 2048K, 100% used [0x00000000eab00000,0x00000000ead00000,0x00000000ead00000)
  from space 512K, 97% used [0x00000000ead00000,0x00000000ead7ce30,0x00000000ead80000)
  to   space 1536K, 0% used [0x00000000eb080000,0x00000000eb080000,0x00000000eb200000)
 ParOldGen       total 64000K, used 1501K [0x00000000c0000000, 0x00000000c3e80000, 0x00000000eab00000)
  object space 64000K, 2% used [0x00000000c0000000,0x00000000c01775f0,0x00000000c3e80000)
 Metaspace       used 4777K, capacity 6224K, committed 6528K, reserved 1056768K
  class space    used 522K, capacity 584K, committed 640K, reserved 1048576K
Event: 2.631 GC heap after
Heap after GC invocations=6 (full 0):
 PSYoungGen      total 5632K, used 1248K [0x00000000eab00000, 0x00000000eb200000, 0x0000000100000000)
  eden space 4096K, 0% used [0x00000000eab00000,0x00000000eab00000,0x00000000eaf00000)
  from space 1536K, 81% used [0x00000000eb080000,0x00000000eb1b8018,0x00000000eb200000)
  to   space 1536K, 0% used [0x00000000eaf00000,0x00000000eaf00000,0x00000000eb080000)
 ParOldGen       total 64000K, used 1509K [0x00000000c0000000, 0x00000000c3e80000, 0x00000000eab00000)
  object space 64000K, 2% used [0x00000000c0000000,0x00000000c01795f0,0x00000000c3e80000)
 Metaspace       used 4777K, capacity 6224K, committed 6528K, reserved 1056768K
  class space    used 522K, capacity 584K, committed 640K, reserved 1048576K
}
Event: 3.510 GC heap before
{Heap before GC invocations=7 (full 0):
 PSYoungGen      total 5632K, used 5344K [0x00000000eab00000, 0x00000000eb200000, 0x0000000100000000)
  eden space 4096K, 100% used [0x00000000eab00000,0x00000000eaf00000,0x00000000eaf00000)
  from space 1536K, 81% used [0x00000000eb080000,0x00000000eb1b8018,0x00000000eb200000)
  to   space 1536K, 0% used [0x00000000eaf00000,0x00000000eaf00000,0x00000000eb080000)
 ParOldGen       total 64000K, used 1509K [0x00000000c0000000, 0x00000000c3e80000, 0x00000000eab00000)
  object space 64000K, 2% used [0x00000000c0000000,0x00000000c01795f0,0x00000000c3e80000)
 Metaspace       used 5133K, capacity 6576K, committed 6784K, reserved 1056768K
  class space    used 536K, capacity 616K, committed 640K, reserved 1048576K
Event: 3.530 GC heap after
Heap after GC invocations=7 (full 0):
 PSYoungGen      total 5632K, used 1395K [0x00000000eab00000, 0x00000000eb700000, 0x0000000100000000)
  eden space 4096K, 0% used [0x00000000eab00000,0x00000000eab00000,0x00000000eaf00000)
  from space 1536K, 90% used [0x00000000eaf00000,0x00000000eb05ce48,0x00000000eb080000)
  to   space 2048K, 0% used [0x00000000eb500000,0x00000000eb500000,0x00000000eb700000)
 ParOldGen       total 64000K, used 1701K [0x00000000c0000000, 0x00000000c3e80000, 0x00000000eab00000)
  object space 64000K, 2% used [0x00000000c0000000,0x00000000c01a9640,0x00000000c3e80000)
 Metaspace       used 5133K, capacity 6576K, committed 6784K, reserved 1056768K
  class space    used 536K, capacity 616K, committed 640K, reserved 1048576K
}
Event: 4.280 GC heap before
{Heap before GC invocations=8 (full 0):
 PSYoungGen      total 5632K, used 5491K [0x00000000eab00000, 0x00000000eb700000, 0x0000000100000000)
  eden space 4096K, 100% used [0x00000000eab00000,0x00000000eaf00000,0x00000000eaf00000)
  from space 1536K, 90% used [0x00000000eaf00000,0x00000000eb05ce48,0x00000000eb080000)
  to   space 2048K, 0% used [0x00000000eb500000,0x00000000eb500000,0x00000000eb700000)
 ParOldGen       total 64000K, used 1701K [0x00000000c0000000, 0x00000000c3e80000, 0x00000000eab00000)
  object space 64000K, 2% used [0x00000000c0000000,0x00000000c01a9640,0x00000000c3e80000)
 Metaspace       used 5249K, capacity 6704K, committed 6784K, reserved 1056768K
  class space    used 539K, capacity 616K, committed 640K, reserved 1048576K
Event: 4.388 GC heap after
Heap after GC invocations=8 (full 0):
 PSYoungGen      total 10240K, used 1792K [0x00000000eab00000, 0x00000000eb700000, 0x0000000100000000)
  eden space 8192K, 0% used [0x00000000eab00000,0x00000000eab00000,0x00000000eb300000)
  from space 2048K, 87% used [0x00000000eb500000,0x00000000eb6c0018,0x00000000eb700000)
  to   space 2048K, 0% used [0x00000000eb300000,0x00000000eb300000,0x00000000eb500000)
 ParOldGen       total 64000K, used 1903K [0x00000000c0000000, 0x00000000c3e80000, 0x00000000eab00000)
  object space 64000K, 2% used [0x00000000c0000000,0x00000000c01dbd28,0x00000000c3e80000)
 Metaspace       used 5249K, capacity 6704K, committed 6784K, reserved 1056768K
  class space    used 539K, capacity 616K, committed 640K, reserved 1048576K
}

Deoptimization events (4 events):
Event: 3.848 Thread 0x000000000236d800 Uncommon trap: reason=class_check action=maybe_recompile pc=0x000000000294e050 method=com.android.dx.rop.type.Type.equals(Ljava/lang/Object;)Z @ 8
Event: 3.848 Thread 0x000000000236d800 Uncommon trap: reason=class_check action=maybe_recompile pc=0x000000000294e050 method=com.android.dx.rop.type.Type.equals(Ljava/lang/Object;)Z @ 8
Event: 4.426 Thread 0x000000000236d800 Uncommon trap: reason=unreached action=reinterpret pc=0x0000000002a75b0c method=com.android.dx.rop.code.LocalItem.hashCode()I @ 25
Event: 4.426 Thread 0x000000000236d800 Uncommon trap: reason=unreached action=reinterpret pc=0x0000000002a04408 method=com.android.dx.rop.code.LocalItem.hashCode()I @ 25

Internal exceptions (2 events):
Event: 0.077 Thread 0x000000000236d800 Exception <a 'java/lang/NoSuchMethodError': Method sun.misc.Unsafe.defineClass(Ljava/lang/String;[BII)Ljava/lang/Class; name or signature does not match> (0x00000000eab0f320) thrown at [D:\re\workspace\8-2-build-windows-amd64-cygwin\jdk8u5\2488\hotspot\srclÇ¥­ýÊ³?
Event: 0.077 Thread 0x000000000236d800 Exception <a 'java/lang/NoSuchMethodError': Method sun.misc.Unsafe.prefetchRead(Ljava/lang/Object;J)V name or signature does not match> (0x00000000eab0f5b0) thrown at [D:\re\workspace\8-2-build-windows-amd64-cygwin\jdk8u5\2488\hotspot\src\share\vm\prims\jn

Events (10 events):
Event: 4.426 Thread 0x000000000236d800 DEOPT UNPACKING pc=0x00000000026d55af sp=0x000000000258e448 mode 2
Event: 4.426 Thread 0x000000000236d800 Uncommon trap: trap_request=0xffffffad fr.pc=0x0000000002a04408
Event: 4.426 Thread 0x000000000236d800 DEOPT PACKING pc=0x0000000002a04408 sp=0x000000000258e620
Event: 4.426 Thread 0x000000000236d800 DEOPT UNPACKING pc=0x00000000026d55af sp=0x000000000258e558 mode 2
Event: 4.427 loading class com/android/dx/dex/file/MethodAnnotationStruct
Event: 4.427 loading class com/android/dx/dex/file/MethodAnnotationStruct done
Event: 4.555 loading class com/android/dx/dex/file/FieldAnnotationStruct
Event: 4.555 loading class com/android/dx/dex/file/FieldAnnotationStruct done
Event: 5.173 loading class java/util/DualPivotQuicksort
Event: 5.183 loading class java/util/DualPivotQuicksort done


Dynamic libraries:
0x00007ff6b3fb0000 - 0x00007ff6b3fe4000 	C:\PROGRA~1\Java\JDK18~1.0_0\bin\java.exe
0x00007ff9eeda0000 - 0x00007ff9eef4c000 	C:\WINDOWS\SYSTEM32\ntdll.dll
0x00007ff9ec8c0000 - 0x00007ff9ec9fe000 	C:\WINDOWS\system32\KERNEL32.DLL
0x00007ff9ec300000 - 0x00007ff9ec415000 	C:\WINDOWS\system32\KERNELBASE.dll
0x00007ff9ea870000 - 0x00007ff9ea8fe000 	C:\WINDOWS\system32\apphelp.dll
0x00007ff9d4ba0000 - 0x00007ff9d4bf3000 	C:\WINDOWS\AppPatch\AppPatch64\AcGenral.DLL
0x00007ff9ed140000 - 0x00007ff9ed1ea000 	C:\WINDOWS\system32\msvcrt.dll
0x00007ff9ebd90000 - 0x00007ff9ebdbe000 	C:\WINDOWS\SYSTEM32\SspiCli.dll
0x00007ff9ec6a0000 - 0x00007ff9ec6f4000 	C:\WINDOWS\system32\SHLWAPI.dll
0x00007ff9ec740000 - 0x00007ff9ec8b7000 	C:\WINDOWS\system32\USER32.dll
0x00007ff9eced0000 - 0x00007ff9ed064000 	C:\WINDOWS\system32\ole32.dll
0x00007ff9ed670000 - 0x00007ff9eeb88000 	C:\WINDOWS\system32\SHELL32.dll
0x00007ff9eb530000 - 0x00007ff9eb551000 	C:\WINDOWS\SYSTEM32\USERENV.dll
0x00007ff9ed560000 - 0x00007ff9ed60a000 	C:\WINDOWS\system32\ADVAPI32.dll
0x00007ff9e3510000 - 0x00007ff9e352e000 	C:\WINDOWS\SYSTEM32\MPR.dll
0x00007ff9ed1f0000 - 0x00007ff9ed331000 	C:\WINDOWS\system32\RPCRT4.dll
0x00007ff9ed610000 - 0x00007ff9ed669000 	C:\WINDOWS\SYSTEM32\sechost.dll
0x00007ff9eca00000 - 0x00007ff9ecc11000 	C:\WINDOWS\SYSTEM32\combase.dll
0x00007ff9ed400000 - 0x00007ff9ed551000 	C:\WINDOWS\system32\GDI32.dll
0x00007ff9ebef0000 - 0x00007ff9ebf05000 	C:\WINDOWS\SYSTEM32\profapi.dll
0x00007ff9ea070000 - 0x00007ff9ea122000 	C:\WINDOWS\SYSTEM32\SHCORE.dll
0x00007ff9ec5e0000 - 0x00007ff9ec616000 	C:\WINDOWS\system32\IMM32.DLL
0x00007ff9ec420000 - 0x00007ff9ec573000 	C:\WINDOWS\system32\MSCTF.dll
0x0000000062be0000 - 0x0000000062c67000 	C:\WINDOWS\System32\SYSFER.DLL
0x00007ff9e7d90000 - 0x00007ff9e800b000 	C:\WINDOWS\WinSxS\amd64_microsoft.windows.common-controls_6595b64144ccf1df_6.0.9600.17415_none_6240486fecbd8abb\COMCTL32.dll
0x00000000604f0000 - 0x00000000605c2000 	C:\PROGRA~1\Java\JDK18~1.0_0\jre\bin\msvcr100.dll
0x000000005d9a0000 - 0x000000005e1ca000 	C:\PROGRA~1\Java\JDK18~1.0_0\jre\bin\server\jvm.dll
0x00007ff9c3fc0000 - 0x00007ff9c3fc9000 	C:\WINDOWS\SYSTEM32\WSOCK32.dll
0x00007ff9dab00000 - 0x00007ff9dab22000 	C:\WINDOWS\SYSTEM32\WINMM.dll
0x00007ff9ec620000 - 0x00007ff9ec627000 	C:\WINDOWS\system32\PSAPI.DLL
0x00007ff9eed40000 - 0x00007ff9eed9a000 	C:\WINDOWS\system32\WS2_32.dll
0x00007ff9daad0000 - 0x00007ff9daafa000 	C:\WINDOWS\SYSTEM32\WINMMBASE.dll
0x00007ff9ec700000 - 0x00007ff9ec709000 	C:\WINDOWS\system32\NSI.dll
0x00007ff9ec1a0000 - 0x00007ff9ec1ef000 	C:\WINDOWS\SYSTEM32\cfgmgr32.dll
0x00007ff9ead00000 - 0x00007ff9ead28000 	C:\WINDOWS\SYSTEM32\DEVOBJ.dll
0x0000000061c10000 - 0x0000000061c1f000 	C:\PROGRA~1\Java\JDK18~1.0_0\jre\bin\verify.dll
0x0000000060930000 - 0x0000000060958000 	C:\PROGRA~1\Java\JDK18~1.0_0\jre\bin\java.dll
0x0000000060910000 - 0x0000000060926000 	C:\PROGRA~1\Java\JDK18~1.0_0\jre\bin\zip.dll
0x00007ff9d0570000 - 0x00007ff9d06fa000 	C:\WINDOWS\SYSTEM32\dbghelp.dll

VM Arguments:
jvm_args: -Xmx1024M -Xss1m -Djava.ext.dirs=C:\Users\sky\AppData\Local\Android\sdk\build-tools\21.1.2\lib 
java_command: C:\Users\sky\AppData\Local\Android\sdk\build-tools\21.1.2\lib\dx.jar --dex --output C:\Users\sky\AndroidStudioProjects\Parte1\app\build\intermediates\pre-dexed\debug\internal_impl-21.0.3-c48c4bb6d57c7e6cfb45c090ddff9c018a29e36f.jar C:\Users\sky\AndroidStudioProjects\Parte1\app\build\intermediates\exploded-aar\com.android.support\support-v4\21.0.3\libs\internal_impl-21.0.3.jar
java_class_path (initial): C:\Users\sky\AppData\Local\Android\sdk\build-tools\21.1.2\lib\dx.jar
Launcher Type: SUN_STANDARD

Environment Variables:
JAVA_HOME=C:\Program Files\Java\jdk1.8.0_05
CLASSPATH=.
PATH=c:\Rtools\bin;c:\Rtools\gcc-4.6.3\bin;C:\ProgramData\Oracle\Java\javapath;C:\WINDOWS\system32;C:\WINDOWS;C:\WINDOWS\System32\Wbem;C:\WINDOWS\System32\WindowsPowerShell\v1.0\;C:\Program Files\Microsoft SQL Server\110\DTS\Binn\;C:\Program Files (x86)\Microsoft SQL Server\110\Tools\Binn\;C:\Program Files\Microsoft SQL Server\110\Tools\Binn\;C:\Program Files (x86)\Microsoft SQL Server\110\Tools\Binn\ManagementStudio\;C:\Program Files (x86)\Microsoft Visual Studio 10.0\Common7\IDE\PrivateAssemblies\;C:\Program Files (x86)\Microsoft SQL Server\110\DTS\Binn\;C:\Program Files\Java\jdk1.8.0_05\bin;C:\Program Files\MongoDB 2.6 Standard\bin;C:\apache-maven-3.2.1\bin;C:\Program Files (x86)\Windows Kits\8.1\Windows Performance Toolkit\;C:\Program Files (x86)\MySQL\MySQL Utilities 1.4\;C:\Program Files (x86)\MySQL\MySQL Utilities 1.4\Doctrine extensions for PHP\;C:\Program Files (x86)\QuickTime\QTSystem\;C:\GNU-Prolog\bin;
USERNAME=sky
OS=Windows_NT
PROCESSOR_IDENTIFIER=Intel64 Family 6 Model 58 Stepping 9, GenuineIntel



---------------  S Y S T E M  ---------------

OS: Windows 8.1 , 64 bit Build 9600 

CPU:total 4 (2 cores per cpu, 2 threads per core) family 6 model 58 stepping 9, cmov, cx8, fxsr, mmx, sse, sse2, sse3, ssse3, sse4.1, sse4.2, popcnt, avx, aes, clmul, erms, ht, tsc, tscinvbit

Memory: 4k page, physical 4075224k(206704k free), swap 7220952k(161784k free)

vm_info: Java HotSpot(TM) 64-Bit Server VM (25.5-b02) for windows-amd64 JRE (1.8.0_05-b13), built on Mar 18 2014 01:08:39 by "java_re" with MS VC++ 10.0 (VS2010)

time: Thu Feb 05 10:26:29 2015
elapsed time: 5 seconds

