#
# There is insufficient memory for the Java Runtime Environment to continue.
# Native memory allocation (malloc) failed to allocate 1364096 bytes for Chunk::new
# Possible reasons:
#   The system is out of physical RAM or swap space
#   In 32 bit mode, the process size limit was hit
# Possible solutions:
#   Reduce memory load on the system
#   Increase physical memory or swap space
#   Check if swap backing store is full
#   Use 64 bit Java on a 64 bit OS
#   Decrease Java heap size (-Xmx/-Xms)
#   Decrease number of Java threads
#   Decrease Java thread stack sizes (-Xss)
#   Set larger code cache with -XX:ReservedCodeCacheSize=
# This output file may be truncated or incomplete.
#
#  Out of Memory Error (allocation.cpp:388), pid=6092, tid=9388
#
# JRE version: Java(TM) SE Runtime Environment (8.0_05-b13) (build 1.8.0_05-b13)
# Java VM: Java HotSpot(TM) 64-Bit Server VM (25.5-b02 mixed mode windows-amd64 compressed oops)
# Failed to write core dump. Minidumps are not enabled by default on client versions of Windows
#

---------------  T H R E A D  ---------------

Current thread (0x0000000014e3d800):  JavaThread "C2 CompilerThread0" daemon [_thread_in_native, id=9388, stack(0x00000000163a0000,0x00000000164a0000)]

Stack: [0x00000000163a0000,0x00000000164a0000]
Native frames: (J=compiled Java code, j=interpreted, Vv=VM code, C=native code)
V  [jvm.dll+0x308dea]


Current CompileTask:
C2:   5275 1271   !   4       com.android.dx.cf.code.BytecodeArray::parseInstruction (2764 bytes)


---------------  P R O C E S S  ---------------

Java Threads: ( => current thread )
  0x0000000014e8e800 JavaThread "Service Thread" daemon [_thread_blocked, id=6192, stack(0x00000000166a0000,0x00000000167a0000)]
  0x0000000014e89800 JavaThread "C1 CompilerThread2" daemon [_thread_blocked, id=4640, stack(0x00000000165a0000,0x00000000166a0000)]
  0x0000000014e86800 JavaThread "C2 CompilerThread1" daemon [_thread_in_native, id=4708, stack(0x00000000164a0000,0x00000000165a0000)]
=>0x0000000014e3d800 JavaThread "C2 CompilerThread0" daemon [_thread_in_native, id=9388, stack(0x00000000163a0000,0x00000000164a0000)]
  0x0000000014e3c000 JavaThread "Attach Listener" daemon [_thread_blocked, id=8792, stack(0x00000000162a0000,0x00000000163a0000)]
  0x0000000014e3a800 JavaThread "Signal Dispatcher" daemon [_thread_blocked, id=8316, stack(0x00000000161a0000,0x00000000162a0000)]
  0x0000000002764800 JavaThread "Finalizer" daemon [_thread_blocked, id=9900, stack(0x00000000160a0000,0x00000000161a0000)]
  0x0000000014e08000 JavaThread "Reference Handler" daemon [_thread_blocked, id=4264, stack(0x0000000015fa0000,0x00000000160a0000)]
  0x000000000266d800 JavaThread "main" [_thread_in_Java, id=6228, stack(0x00000000024f0000,0x00000000025f0000)]

Other Threads:
  0x0000000014e05800 VMThread [stack: 0x0000000015ea0000,0x0000000015fa0000] [id=4596]
  0x0000000014e95800 WatcherThread [stack: 0x00000000167a0000,0x00000000168a0000] [id=10228]

VM state:not at safepoint (normal execution)

VM Mutex/Monitor currently owned by a thread: None

Heap:
 PSYoungGen      total 7680K, used 2944K [0x00000000eab00000, 0x00000000eb800000, 0x0000000100000000)
  eden space 6144K, 28% used [0x00000000eab00000,0x00000000eacbaec0,0x00000000eb100000)
  from space 1536K, 76% used [0x00000000eb100000,0x00000000eb225270,0x00000000eb280000)
  to   space 1536K, 0% used [0x00000000eb680000,0x00000000eb680000,0x00000000eb800000)
 ParOldGen       total 64000K, used 3028K [0x00000000c0000000, 0x00000000c3e80000, 0x00000000eab00000)
  object space 64000K, 4% used [0x00000000c0000000,0x00000000c02f5230,0x00000000c3e80000)
 Metaspace       used 5370K, capacity 6768K, committed 7040K, reserved 1056768K
  class space    used 540K, capacity 616K, committed 640K, reserved 1048576K

Card table byte_map: [0x0000000011b30000,0x0000000011d40000] byte_map_base: 0x0000000011530000

Marking Bits: (ParMarkBitMap*) 0x000000005e1513b0
 Begin Bits: [0x00000000122a0000, 0x00000000132a0000)
 End Bits:   [0x00000000132a0000, 0x00000000142a0000)

Polling page: 0x0000000002260000

CodeCache: size=245760Kb used=5197Kb max_used=5203Kb free=240562Kb
 bounds [0x0000000002770000, 0x0000000002c90000, 0x0000000011770000]
 total_blobs=1535 nmethods=1275 adapters=174
 compilation: enabled

Compilation events (10 events):
Event: 5.226 Thread 0x0000000014e89800 1272       3       com.android.dx.rop.code.Rops::opGetField (97 bytes)
Event: 5.227 Thread 0x0000000014e89800 nmethod 1272 0x0000000002c83510 code [0x0000000002c83740, 0x0000000002c84338]
Event: 5.231 Thread 0x0000000014e89800 1273       3       com.android.dx.rop.cst.TypedConstant::getBasicFrameType (8 bytes)
Event: 5.231 Thread 0x0000000014e89800 nmethod 1273 0x0000000002c78e10 code [0x0000000002c78f80, 0x0000000002c79238]
Event: 5.234 Thread 0x0000000014e89800 1274       3       com.android.dx.cf.code.RopperMachine::updateReturnOp (115 bytes)
Event: 5.235 Thread 0x0000000014e89800 nmethod 1274 0x0000000002c84890 code [0x0000000002c84b20, 0x0000000002c85c98]
Event: 5.236 Thread 0x0000000014e86800 1275       4       java.lang.StringBuilder::append (8 bytes)
Event: 5.243 Thread 0x0000000014e86800 nmethod 1275 0x0000000002c78510 code [0x0000000002c78660, 0x0000000002c78a38]
Event: 5.244 Thread 0x0000000014e86800 1276       4       com.android.dx.rop.code.RopMethod::labelToPredecessors (54 bytes)
Event: 5.263 Thread 0x0000000014e89800 1277       3       com.android.dx.ssa.DomFront::buildDomTree (72 bytes)

GC Heap History (10 events):
Event: 2.667 GC heap before
{Heap before GC invocations=7 (full 0):
 PSYoungGen      total 3072K, used 2871K [0x00000000eab00000, 0x00000000eaf00000, 0x0000000100000000)
  eden space 2048K, 96% used [0x00000000eab00000,0x00000000eacee890,0x00000000ead00000)
  from space 1024K, 87% used [0x00000000eae00000,0x00000000eaedf5c8,0x00000000eaf00000)
  to   space 1024K, 0% used [0x00000000ead00000,0x00000000ead00000,0x00000000eae00000)
 ParOldGen       total 64000K, used 820K [0x00000000c0000000, 0x00000000c3e80000, 0x00000000eab00000)
  object space 64000K, 1% used [0x00000000c0000000,0x00000000c00cd298,0x00000000c3e80000)
 Metaspace       used 4603K, capacity 6096K, committed 6272K, reserved 1056768K
  class space    used 507K, capacity 584K, committed 640K, reserved 1048576K
Event: 2.676 GC heap after
Heap after GC invocations=7 (full 0):
 PSYoungGen      total 3072K, used 868K [0x00000000eab00000, 0x00000000eb100000, 0x0000000100000000)
  eden space 2048K, 0% used [0x00000000eab00000,0x00000000eab00000,0x00000000ead00000)
  from space 1024K, 84% used [0x00000000ead00000,0x00000000eadd9020,0x00000000eae00000)
  to   space 1024K, 0% used [0x00000000eb000000,0x00000000eb000000,0x00000000eb100000)
 ParOldGen       total 64000K, used 1124K [0x00000000c0000000, 0x00000000c3e80000, 0x00000000eab00000)
  object space 64000K, 1% used [0x00000000c0000000,0x00000000c0119340,0x00000000c3e80000)
 Metaspace       used 4603K, capacity 6096K, committed 6272K, reserved 1056768K
  class space    used 507K, capacity 584K, committed 640K, reserved 1048576K
}
Event: 3.082 GC heap before
{Heap before GC invocations=8 (full 0):
 PSYoungGen      total 3072K, used 2916K [0x00000000eab00000, 0x00000000eb100000, 0x0000000100000000)
  eden space 2048K, 100% used [0x00000000eab00000,0x00000000ead00000,0x00000000ead00000)
  from space 1024K, 84% used [0x00000000ead00000,0x00000000eadd9020,0x00000000eae00000)
  to   space 1024K, 0% used [0x00000000eb000000,0x00000000eb000000,0x00000000eb100000)
 ParOldGen       total 64000K, used 1124K [0x00000000c0000000, 0x00000000c3e80000, 0x00000000eab00000)
  object space 64000K, 1% used [0x00000000c0000000,0x00000000c0119340,0x00000000c3e80000)
 Metaspace       used 4911K, capacity 6384K, committed 6528K, reserved 1056768K
  class space    used 532K, capacity 616K, committed 640K, reserved 1048576K
Event: 3.094 GC heap after
Heap after GC invocations=8 (full 0):
 PSYoungGen      total 4608K, used 896K [0x00000000eab00000, 0x00000000eb200000, 0x0000000100000000)
  eden space 3584K, 0% used [0x00000000eab00000,0x00000000eab00000,0x00000000eae80000)
  from space 1024K, 87% used [0x00000000eb000000,0x00000000eb0e0018,0x00000000eb100000)
  to   space 1536K, 0% used [0x00000000eae80000,0x00000000eae80000,0x00000000eb000000)
 ParOldGen       total 64000K, used 1280K [0x00000000c0000000, 0x00000000c3e80000, 0x00000000eab00000)
  object space 64000K, 2% used [0x00000000c0000000,0x00000000c0140170,0x00000000c3e80000)
 Metaspace       used 4911K, capacity 6384K, committed 6528K, reserved 1056768K
  class space    used 532K, capacity 616K, committed 640K, reserved 1048576K
}
Event: 3.714 GC heap before
{Heap before GC invocations=9 (full 0):
 PSYoungGen      total 4608K, used 4480K [0x00000000eab00000, 0x00000000eb200000, 0x0000000100000000)
  eden space 3584K, 100% used [0x00000000eab00000,0x00000000eae80000,0x00000000eae80000)
  from space 1024K, 87% used [0x00000000eb000000,0x00000000eb0e0018,0x00000000eb100000)
  to   space 1536K, 0% used [0x00000000eae80000,0x00000000eae80000,0x00000000eb000000)
 ParOldGen       total 64000K, used 1280K [0x00000000c0000000, 0x00000000c3e80000, 0x00000000eab00000)
  object space 64000K, 2% used [0x00000000c0000000,0x00000000c0140170,0x00000000c3e80000)
 Metaspace       used 5171K, capacity 6576K, committed 6784K, reserved 1056768K
  class space    used 535K, capacity 616K, committed 640K, reserved 1048576K
Event: 3.774 GC heap after
Heap after GC invocations=9 (full 0):
 PSYoungGen      total 5120K, used 1184K [0x00000000eab00000, 0x00000000eb400000, 0x0000000100000000)
  eden space 3584K, 0% used [0x00000000eab00000,0x00000000eab00000,0x00000000eae80000)
  from space 1536K, 77% used [0x00000000eae80000,0x00000000eafa8018,0x00000000eb000000)
  to   space 1536K, 0% used [0x00000000eb280000,0x00000000eb280000,0x00000000eb400000)
 ParOldGen       total 64000K, used 1389K [0x00000000c0000000, 0x00000000c3e80000, 0x00000000eab00000)
  object space 64000K, 2% used [0x00000000c0000000,0x00000000c015b508,0x00000000c3e80000)
 Metaspace       used 5171K, capacity 6576K, committed 6784K, reserved 1056768K
  class space    used 535K, capacity 616K, committed 640K, reserved 1048576K
}
Event: 4.242 GC heap before
{Heap before GC invocations=10 (full 0):
 PSYoungGen      total 5120K, used 4768K [0x00000000eab00000, 0x00000000eb400000, 0x0000000100000000)
  eden space 3584K, 100% used [0x00000000eab00000,0x00000000eae80000,0x00000000eae80000)
  from space 1536K, 77% used [0x00000000eae80000,0x00000000eafa8018,0x00000000eb000000)
  to   space 1536K, 0% used [0x00000000eb280000,0x00000000eb280000,0x00000000eb400000)
 ParOldGen       total 64000K, used 1389K [0x00000000c0000000, 0x00000000c3e80000, 0x00000000eab00000)
  object space 64000K, 2% used [0x00000000c0000000,0x00000000c015b508,0x00000000c3e80000)
 Metaspace       used 5282K, capacity 6704K, committed 6784K, reserved 1056768K
  class space    used 539K, capacity 616K, committed 640K, reserved 1048576K
Event: 4.267 GC heap after
Heap after GC invocations=10 (full 0):
 PSYoungGen      total 7680K, used 1200K [0x00000000eab00000, 0x00000000eb400000, 0x0000000100000000)
  eden space 6144K, 0% used [0x00000000eab00000,0x00000000eab00000,0x00000000eb100000)
  from space 1536K, 78% used [0x00000000eb280000,0x00000000eb3ac010,0x00000000eb400000)
  to   space 1536K, 0% used [0x00000000eb100000,0x00000000eb100000,0x00000000eb280000)
 ParOldGen       total 64000K, used 1933K [0x00000000c0000000, 0x00000000c3e80000, 0x00000000eab00000)
  object space 64000K, 3% used [0x00000000c0000000,0x00000000c01e3520,0x00000000c3e80000)
 Metaspace       used 5282K, capacity 6704K, committed 6784K, reserved 1056768K
  class space    used 539K, capacity 616K, committed 640K, reserved 1048576K
}
Event: 5.072 GC heap before
{Heap before GC invocations=11 (full 0):
 PSYoungGen      total 7680K, used 7344K [0x00000000eab00000, 0x00000000eb400000, 0x0000000100000000)
  eden space 6144K, 100% used [0x00000000eab00000,0x00000000eb100000,0x00000000eb100000)
  from space 1536K, 78% used [0x00000000eb280000,0x00000000eb3ac010,0x00000000eb400000)
  to   space 1536K, 0% used [0x00000000eb100000,0x00000000eb100000,0x00000000eb280000)
 ParOldGen       total 64000K, used 1933K [0x00000000c0000000, 0x00000000c3e80000, 0x00000000eab00000)
  object space 64000K, 3% used [0x00000000c0000000,0x00000000c01e3520,0x00000000c3e80000)
 Metaspace       used 5365K, capacity 6768K, committed 7040K, reserved 1056768K
  class space    used 540K, capacity 616K, committed 640K, reserved 1048576K
Event: 5.181 GC heap after
Heap after GC invocations=11 (full 0):
 PSYoungGen      total 7680K, used 1172K [0x00000000eab00000, 0x00000000eb800000, 0x0000000100000000)
  eden space 6144K, 0% used [0x00000000eab00000,0x00000000eab00000,0x00000000eb100000)
  from space 1536K, 76% used [0x00000000eb100000,0x00000000eb225270,0x00000000eb280000)
  to   space 1536K, 0% used [0x00000000eb680000,0x00000000eb680000,0x00000000eb800000)
 ParOldGen       total 64000K, used 3028K [0x00000000c0000000, 0x00000000c3e80000, 0x00000000eab00000)
  object space 64000K, 4% used [0x00000000c0000000,0x00000000c02f5230,0x00000000c3e80000)
 Metaspace       used 5365K, capacity 6768K, committed 7040K, reserved 1056768K
  class space    used 540K, capacity 616K, committed 640K, reserved 1048576K
}

Deoptimization events (3 events):
Event: 3.969 Thread 0x000000000266d800 Uncommon trap: reason=unreached action=reinterpret pc=0x0000000002b6dd18 method=com.android.dx.ssa.SsaMethod.onSourcesChanged(Lcom/android/dx/ssa/SsaInsn;Lcom/android/dx/rop/code/RegisterSpecList;)V @ 4
Event: 4.754 Thread 0x000000000266d800 Uncommon trap: reason=unreached action=reinterpret pc=0x0000000002b4e3dc method=com.android.dx.rop.cst.Constant.compareTo(Lcom/android/dx/rop/cst/Constant;)I @ 12
Event: 5.006 Thread 0x000000000266d800 Uncommon trap: reason=unreached action=reinterpret pc=0x0000000002c65910 method=com.android.dx.ssa.SCCP.simulateStmt(Lcom/android/dx/ssa/SsaInsn;)V @ 418

Internal exceptions (2 events):
Event: 0.132 Thread 0x000000000266d800 Exception <a 'java/lang/NoSuchMethodError': Method sun.misc.Unsafe.defineClass(Ljava/lang/String;[BII)Ljava/lang/Class; name or signature does not match> (0x00000000eab0f398) thrown at [D:\re\workspace\8-2-build-windows-amd64-cygwin\jdk8u5\2488\hotspot\srcG“‚∏Ô¿?
Event: 0.132 Thread 0x000000000266d800 Exception <a 'java/lang/NoSuchMethodError': Method sun.misc.Unsafe.prefetchRead(Ljava/lang/Object;J)V name or signature does not match> (0x00000000eab0f628) thrown at [D:\re\workspace\8-2-build-windows-amd64-cygwin\jdk8u5\2488\hotspot\src\share\vm\prims\jn

Events (10 events):
Event: 4.754 Thread 0x000000000266d800 DEOPT UNPACKING pc=0x00000000027b55af sp=0x00000000025ee2b0 mode 2
Event: 4.760 loading class com/android/dx/cf/code/BytecodeArray$ConstantParserVisitor
Event: 4.760 loading class com/android/dx/cf/code/BytecodeArray$ConstantParserVisitor done
Event: 5.006 Thread 0x000000000266d800 Uncommon trap: trap_request=0xffffffad fr.pc=0x0000000002c65910
Event: 5.006 Thread 0x000000000266d800 DEOPT PACKING pc=0x0000000002c65910 sp=0x00000000025ee6a0
Event: 5.006 Thread 0x000000000266d800 DEOPT UNPACKING pc=0x00000000027b55af sp=0x00000000025ee670 mode 2
Event: 5.040 loading class com/android/dx/cf/code/SwitchList
Event: 5.040 loading class com/android/dx/cf/code/SwitchList done
Event: 5.072 Executing VM operation: ParallelGCFailedAllocation
Event: 5.181 Executing VM operation: ParallelGCFailedAllocation done


Dynamic libraries:
0x00007ff6b3fb0000 - 0x00007ff6b3fe4000 	C:\PROGRA~1\Java\JDK18~1.0_0\bin\java.exe
0x00007ff9eeda0000 - 0x00007ff9eef4c000 	C:\WINDOWS\SYSTEM32\ntdll.dll
0x00007ff9ec8c0000 - 0x00007ff9ec9fe000 	C:\WINDOWS\system32\KERNEL32.DLL
0x00007ff9ec300000 - 0x00007ff9ec415000 	C:\WINDOWS\system32\KERNELBASE.dll
0x00007ff9ea870000 - 0x00007ff9ea8fe000 	C:\WINDOWS\system32\apphelp.dll
0x00007ff9d4ba0000 - 0x00007ff9d4bf3000 	C:\WINDOWS\AppPatch\AppPatch64\AcGenral.DLL
0x00007ff9ed140000 - 0x00007ff9ed1ea000 	C:\WINDOWS\system32\msvcrt.dll
0x00007ff9ebd90000 - 0x00007ff9ebdbe000 	C:\WINDOWS\SYSTEM32\SspiCli.dll
0x00007ff9ec6a0000 - 0x00007ff9ec6f4000 	C:\WINDOWS\system32\SHLWAPI.dll
0x00007ff9ec740000 - 0x00007ff9ec8b7000 	C:\WINDOWS\system32\USER32.dll
0x00007ff9eced0000 - 0x00007ff9ed064000 	C:\WINDOWS\system32\ole32.dll
0x00007ff9ed670000 - 0x00007ff9eeb88000 	C:\WINDOWS\system32\SHELL32.dll
0x00007ff9eb530000 - 0x00007ff9eb551000 	C:\WINDOWS\SYSTEM32\USERENV.dll
0x00007ff9ed560000 - 0x00007ff9ed60a000 	C:\WINDOWS\system32\ADVAPI32.dll
0x00007ff9e3510000 - 0x00007ff9e352e000 	C:\WINDOWS\SYSTEM32\MPR.dll
0x00007ff9ed1f0000 - 0x00007ff9ed331000 	C:\WINDOWS\system32\RPCRT4.dll
0x00007ff9ed610000 - 0x00007ff9ed669000 	C:\WINDOWS\SYSTEM32\sechost.dll
0x00007ff9eca00000 - 0x00007ff9ecc11000 	C:\WINDOWS\SYSTEM32\combase.dll
0x00007ff9ed400000 - 0x00007ff9ed551000 	C:\WINDOWS\system32\GDI32.dll
0x00007ff9ebef0000 - 0x00007ff9ebf05000 	C:\WINDOWS\SYSTEM32\profapi.dll
0x00007ff9ea070000 - 0x00007ff9ea122000 	C:\WINDOWS\SYSTEM32\SHCORE.dll
0x00007ff9ec5e0000 - 0x00007ff9ec616000 	C:\WINDOWS\system32\IMM32.DLL
0x00007ff9ec420000 - 0x00007ff9ec573000 	C:\WINDOWS\system32\MSCTF.dll
0x0000000062be0000 - 0x0000000062c67000 	C:\WINDOWS\System32\SYSFER.DLL
0x00007ff9e7d90000 - 0x00007ff9e800b000 	C:\WINDOWS\WinSxS\amd64_microsoft.windows.common-controls_6595b64144ccf1df_6.0.9600.17415_none_6240486fecbd8abb\COMCTL32.dll
0x00000000604f0000 - 0x00000000605c2000 	C:\PROGRA~1\Java\JDK18~1.0_0\jre\bin\msvcr100.dll
0x000000005d9a0000 - 0x000000005e1ca000 	C:\PROGRA~1\Java\JDK18~1.0_0\jre\bin\server\jvm.dll
0x00007ff9c3fc0000 - 0x00007ff9c3fc9000 	C:\WINDOWS\SYSTEM32\WSOCK32.dll
0x00007ff9dab00000 - 0x00007ff9dab22000 	C:\WINDOWS\SYSTEM32\WINMM.dll
0x00007ff9ec620000 - 0x00007ff9ec627000 	C:\WINDOWS\system32\PSAPI.DLL
0x00007ff9eed40000 - 0x00007ff9eed9a000 	C:\WINDOWS\system32\WS2_32.dll
0x00007ff9daad0000 - 0x00007ff9daafa000 	C:\WINDOWS\SYSTEM32\WINMMBASE.dll
0x00007ff9ec700000 - 0x00007ff9ec709000 	C:\WINDOWS\system32\NSI.dll
0x00007ff9ec1a0000 - 0x00007ff9ec1ef000 	C:\WINDOWS\SYSTEM32\cfgmgr32.dll
0x00007ff9ead00000 - 0x00007ff9ead28000 	C:\WINDOWS\SYSTEM32\DEVOBJ.dll
0x0000000061c10000 - 0x0000000061c1f000 	C:\PROGRA~1\Java\JDK18~1.0_0\jre\bin\verify.dll
0x0000000060930000 - 0x0000000060958000 	C:\PROGRA~1\Java\JDK18~1.0_0\jre\bin\java.dll
0x0000000060910000 - 0x0000000060926000 	C:\PROGRA~1\Java\JDK18~1.0_0\jre\bin\zip.dll

VM Arguments:
jvm_args: -Xmx1024M -Xss1m -Djava.ext.dirs=C:\Users\sky\AppData\Local\Android\sdk\build-tools\21.1.2\lib 
java_command: C:\Users\sky\AppData\Local\Android\sdk\build-tools\21.1.2\lib\dx.jar --dex --output C:\Users\sky\AndroidStudioProjects\Parte1\app\build\intermediates\pre-dexed\debug\classes-0a1e507712c4500b949edc964ed6a3014bfc9bf9.jar C:\Users\sky\AndroidStudioProjects\Parte1\app\build\intermediates\exploded-aar\com.android.support\support-v4\21.0.3\classes.jar
java_class_path (initial): C:\Users\sky\AppData\Local\Android\sdk\build-tools\21.1.2\lib\dx.jar
Launcher Type: SUN_STANDARD

Environment Variables:
JAVA_HOME=C:\Program Files\Java\jdk1.8.0_05
CLASSPATH=.
PATH=c:\Rtools\bin;c:\Rtools\gcc-4.6.3\bin;C:\ProgramData\Oracle\Java\javapath;C:\WINDOWS\system32;C:\WINDOWS;C:\WINDOWS\System32\Wbem;C:\WINDOWS\System32\WindowsPowerShell\v1.0\;C:\Program Files\Microsoft SQL Server\110\DTS\Binn\;C:\Program Files (x86)\Microsoft SQL Server\110\Tools\Binn\;C:\Program Files\Microsoft SQL Server\110\Tools\Binn\;C:\Program Files (x86)\Microsoft SQL Server\110\Tools\Binn\ManagementStudio\;C:\Program Files (x86)\Microsoft Visual Studio 10.0\Common7\IDE\PrivateAssemblies\;C:\Program Files (x86)\Microsoft SQL Server\110\DTS\Binn\;C:\Program Files\Java\jdk1.8.0_05\bin;C:\Program Files\MongoDB 2.6 Standard\bin;C:\apache-maven-3.2.1\bin;C:\Program Files (x86)\Windows Kits\8.1\Windows Performance Toolkit\;C:\Program Files (x86)\MySQL\MySQL Utilities 1.4\;C:\Program Files (x86)\MySQL\MySQL Utilities 1.4\Doctrine extensions for PHP\;C:\Program Files (x86)\QuickTime\QTSystem\;C:\GNU-Prolog\bin;
USERNAME=sky
OS=Windows_NT
PROCESSOR_IDENTIFIER=Intel64 Family 6 Model 58 Stepping 9, GenuineIntel



---------------  S Y S T E M  ---------------

OS: Windows 8.1 , 64 bit Build 9600 

CPU:total 4 (2 cores per cpu, 2 threads per core) family 6 model 58 stepping 9, cmov, cx8, fxsr, mmx, sse, sse2, sse3, ssse3, sse4.1, sse4.2, popcnt, avx, aes, clmul, erms, ht, tsc, tscinvbit

Memory: 4k page, physical 4075224k(175236k free), swap 7220952k(5156k free)

vm_info: Java HotSpot(TM) 64-Bit Server VM (25.5-b02) for windows-amd64 JRE (1.8.0_05-b13), built on Mar 18 2014 01:08:39 by "java_re" with MS VC++ 10.0 (VS2010)

time: Thu Feb 05 10:26:29 2015
elapsed time: 5 seconds

